2015-05-14 14:35:40,535 [Worker-0] INFO  o.e.m.c.i.p.ProjectConfigurationManager - Collecting project info '/pom.xml' C:\javaworkspace\SeleniumExamples\SampleCodes\pom.xml
2015-05-14 14:35:46,573 [Worker-0] INFO  o.e.m.c.i.l.LifecycleMappingFactory - Using org.eclipse.m2e.jdt.JarLifecycleMapping lifecycle mapping for MavenProject: SeleniumLearning:SampleCodes:0.0.1-SNAPSHOT @ C:\javaworkspace\SeleniumExamples\SampleCodes\pom.xml.
2015-05-14 14:35:47,778 [Worker-1] INFO  o.e.m.c.i.l.LifecycleMappingFactory - Using org.eclipse.m2e.jdt.JarLifecycleMapping lifecycle mapping for MavenProject: SeleniumLearning:SampleCodes:0.0.1-SNAPSHOT @ C:\javaworkspace\SeleniumExamples\SampleCodes\pom.xml.
2015-05-14 14:35:47,790 [Worker-0] INFO  o.e.m.j.i.AbstractJavaProjectConfigurator - Adding source folder /SampleCodes/src/main/java
2015-05-14 14:35:47,793 [Worker-0] INFO  o.e.m.j.i.AbstractJavaProjectConfigurator - Adding source folder /SampleCodes/src/test/java
2015-05-14 14:35:50,081 [Worker-0] INFO  o.e.m.c.i.p.ProjectConfigurationManager - Imported and configured 1 project(s) in 9 sec
2015-05-14 14:35:51,163 [Worker-0] INFO  o.e.m.c.i.l.LifecycleMappingFactory - Using org.eclipse.m2e.jdt.JarLifecycleMapping lifecycle mapping for MavenProject: SeleniumLearning:SampleCodes:0.0.1-SNAPSHOT @ C:\javaworkspace\SeleniumExamples\SampleCodes\pom.xml.
2015-05-14 14:35:51,280 [Worker-0] INFO  o.e.m.c.i.embedder.EclipseLogger - Using 'UTF-8' encoding to copy filtered resources.
2015-05-14 14:35:51,280 [Worker-0] INFO  o.e.m.c.i.embedder.EclipseLogger - skip non existing resourceDirectory C:\javaworkspace\SeleniumExamples\SampleCodes\src\main\resources
2015-05-14 14:35:51,282 [Worker-0] INFO  o.e.m.c.i.embedder.EclipseLogger - Using 'UTF-8' encoding to copy filtered resources.
2015-05-14 14:35:51,282 [Worker-0] INFO  o.e.m.c.i.embedder.EclipseLogger - skip non existing resourceDirectory C:\javaworkspace\SeleniumExamples\SampleCodes\src\test\resources
2015-05-14 14:48:33,793 [Worker-4] INFO  o.e.m.c.i.l.LifecycleMappingFactory - Using org.eclipse.m2e.jdt.JarLifecycleMapping lifecycle mapping for MavenProject: SeleniumLearning:SampleCodes:0.0.1-SNAPSHOT @ /Users/isobarph/SeleniumExamples/SampleCodes/pom.xml.
2015-05-14 14:48:34,284 [Worker-4] INFO  o.e.m.c.i.embedder.EclipseLogger - Using 'UTF-8' encoding to copy filtered resources.
2015-05-14 14:48:34,284 [Worker-4] INFO  o.e.m.c.i.embedder.EclipseLogger - skip non existing resourceDirectory /Users/isobarph/SeleniumExamples/SampleCodes/src/main/resources
2015-05-14 14:48:34,287 [Worker-4] INFO  o.e.m.c.i.embedder.EclipseLogger - Using 'UTF-8' encoding to copy filtered resources.
2015-05-14 14:48:34,288 [Worker-4] INFO  o.e.m.c.i.embedder.EclipseLogger - skip non existing resourceDirectory /Users/isobarph/SeleniumExamples/SampleCodes/src/test/resources
2015-05-14 14:48:35,913 [Worker-5] INFO  o.e.m.c.i.l.LifecycleMappingFactory - Using org.eclipse.m2e.jdt.JarLifecycleMapping lifecycle mapping for MavenProject: SeleniumLearning:SampleCodes:0.0.1-SNAPSHOT @ /Users/isobarph/SeleniumExamples/SampleCodes/pom.xml.
2015-05-14 14:48:36,022 [Worker-5] INFO  o.e.m.c.i.embedder.EclipseLogger - Using 'UTF-8' encoding to copy filtered resources.
2015-05-14 14:48:36,023 [Worker-5] INFO  o.e.m.c.i.embedder.EclipseLogger - skip non existing resourceDirectory /Users/isobarph/SeleniumExamples/SampleCodes/src/main/resources
2015-05-14 14:48:36,025 [Worker-5] INFO  o.e.m.c.i.embedder.EclipseLogger - Using 'UTF-8' encoding to copy filtered resources.
2015-05-14 14:48:36,025 [Worker-5] INFO  o.e.m.c.i.embedder.EclipseLogger - skip non existing resourceDirectory /Users/isobarph/SeleniumExamples/SampleCodes/src/test/resources
2015-05-14 14:50:19,605 [Worker-6] INFO  o.e.m.c.i.l.LifecycleMappingFactory - Using org.eclipse.m2e.jdt.JarLifecycleMapping lifecycle mapping for MavenProject: SeleniumLearning:SampleCodes:0.0.1-SNAPSHOT @ /Users/isobarph/SeleniumExamples/SampleCodes/pom.xml.
2015-05-14 14:50:22,369 [Worker-6] INFO  o.e.m.c.i.e.AbstractTransferListenerAdapter - Downloading http://repo.maven.apache.org/maven2/junit/junit/4.12/junit-4.12.pom
2015-05-14 14:50:22,920 [Worker-6] INFO  o.e.m.c.i.e.AbstractTransferListenerAdapter - Downloaded http://repo.maven.apache.org/maven2/junit/junit/4.12/junit-4.12.pom
2015-05-14 14:50:23,145 [Worker-6] INFO  o.e.m.c.i.e.AbstractTransferListenerAdapter - Downloading http://repo.maven.apache.org/maven2/junit/junit/4.12/junit-4.12.jar
2015-05-14 14:50:24,755 [Worker-6] INFO  o.e.m.c.i.e.AbstractTransferListenerAdapter - Downloaded http://repo.maven.apache.org/maven2/junit/junit/4.12/junit-4.12.jar
2015-05-14 14:50:24,810 [Worker-6] INFO  o.e.m.c.i.embedder.EclipseLogger - Using 'UTF-8' encoding to copy filtered resources.
2015-05-14 14:50:24,811 [Worker-6] INFO  o.e.m.c.i.embedder.EclipseLogger - skip non existing resourceDirectory /Users/isobarph/SeleniumExamples/SampleCodes/src/main/resources
2015-05-14 14:50:24,813 [Worker-6] INFO  o.e.m.c.i.embedder.EclipseLogger - Using 'UTF-8' encoding to copy filtered resources.
2015-05-14 14:50:24,813 [Worker-6] INFO  o.e.m.c.i.embedder.EclipseLogger - skip non existing resourceDirectory /Users/isobarph/SeleniumExamples/SampleCodes/src/test/resources
2015-05-18 10:07:26,843 [Worker-0] INFO  o.e.m.c.i.l.LifecycleMappingFactory - Using org.eclipse.m2e.jdt.JarLifecycleMapping lifecycle mapping for MavenProject: SeleniumLearning:SampleCodes:0.0.1-SNAPSHOT @ C:\javaworkspace\SeleniumExamples\SampleCodes\pom.xml.
2015-05-18 10:07:29,335 [Worker-0] INFO  o.e.m.c.i.embedder.EclipseLogger - Using 'UTF-8' encoding to copy filtered resources.
2015-05-18 10:07:29,335 [Worker-0] INFO  o.e.m.c.i.embedder.EclipseLogger - skip non existing resourceDirectory C:\javaworkspace\SeleniumExamples\SampleCodes\src\main\resources
2015-05-18 10:07:29,337 [Worker-0] INFO  o.e.m.c.i.embedder.EclipseLogger - Using 'UTF-8' encoding to copy filtered resources.
2015-05-18 10:07:29,337 [Worker-0] INFO  o.e.m.c.i.embedder.EclipseLogger - skip non existing resourceDirectory C:\javaworkspace\SeleniumExamples\SampleCodes\src\test\resources
2015-05-18 10:07:30,965 [Worker-6] INFO  o.e.m.c.i.l.LifecycleMappingFactory - Using org.eclipse.m2e.jdt.JarLifecycleMapping lifecycle mapping for MavenProject: SeleniumLearning:SampleCodes:0.0.1-SNAPSHOT @ C:\javaworkspace\SeleniumExamples\SampleCodes\pom.xml.
2015-05-18 10:07:31,010 [Worker-6] INFO  o.e.m.c.i.embedder.EclipseLogger - Using 'UTF-8' encoding to copy filtered resources.
2015-05-18 10:07:31,010 [Worker-6] INFO  o.e.m.c.i.embedder.EclipseLogger - skip non existing resourceDirectory C:\javaworkspace\SeleniumExamples\SampleCodes\src\main\resources
2015-05-18 10:07:31,011 [Worker-6] INFO  o.e.m.c.i.embedder.EclipseLogger - Using 'UTF-8' encoding to copy filtered resources.
2015-05-18 10:07:31,011 [Worker-6] INFO  o.e.m.c.i.embedder.EclipseLogger - skip non existing resourceDirectory C:\javaworkspace\SeleniumExamples\SampleCodes\src\test\resources
2015-05-18 10:48:14,936 [Worker-7] INFO  o.e.m.c.i.l.LifecycleMappingFactory - Using org.eclipse.m2e.jdt.JarLifecycleMapping lifecycle mapping for MavenProject: SeleniumLearning:SampleCodes:0.0.1-SNAPSHOT @ C:\javaworkspace\SeleniumExamples\SampleCodes\pom.xml.
2015-05-18 10:48:15,597 [Worker-7] INFO  o.e.m.c.i.embedder.EclipseLogger - Using 'UTF-8' encoding to copy filtered resources.
2015-05-18 10:48:15,597 [Worker-7] INFO  o.e.m.c.i.embedder.EclipseLogger - skip non existing resourceDirectory C:\javaworkspace\SeleniumExamples\SampleCodes\src\main\resources
2015-05-18 10:48:15,599 [Worker-7] INFO  o.e.m.c.i.embedder.EclipseLogger - Using 'UTF-8' encoding to copy filtered resources.
2015-05-18 10:48:15,599 [Worker-7] INFO  o.e.m.c.i.embedder.EclipseLogger - skip non existing resourceDirectory C:\javaworkspace\SeleniumExamples\SampleCodes\src\test\resources
2015-05-18 10:48:16,979 [Worker-13] INFO  o.e.m.c.i.l.LifecycleMappingFactory - Using org.eclipse.m2e.jdt.JarLifecycleMapping lifecycle mapping for MavenProject: SeleniumLearning:SampleCodes:0.0.1-SNAPSHOT @ C:\javaworkspace\SeleniumExamples\SampleCodes\pom.xml.
2015-05-18 10:48:17,535 [Worker-13] INFO  o.e.m.c.i.embedder.EclipseLogger - Using 'UTF-8' encoding to copy filtered resources.
2015-05-18 10:48:17,536 [Worker-13] INFO  o.e.m.c.i.embedder.EclipseLogger - skip non existing resourceDirectory C:\javaworkspace\SeleniumExamples\SampleCodes\src\main\resources
2015-05-18 10:48:17,536 [Worker-13] INFO  o.e.m.c.i.embedder.EclipseLogger - Using 'UTF-8' encoding to copy filtered resources.
2015-05-18 10:48:17,536 [Worker-13] INFO  o.e.m.c.i.embedder.EclipseLogger - skip non existing resourceDirectory C:\javaworkspace\SeleniumExamples\SampleCodes\src\test\resources
2015-05-18 10:50:02,494 [Worker-7] INFO  o.e.m.c.i.l.LifecycleMappingFactory - Using org.eclipse.m2e.jdt.JarLifecycleMapping lifecycle mapping for MavenProject: SeleniumLearning:SampleCodes:0.0.1-SNAPSHOT @ C:\javaworkspace\SeleniumExamples\SampleCodes\pom.xml.
2015-05-18 10:50:02,938 [Worker-7] INFO  o.e.m.c.i.embedder.EclipseLogger - Using 'UTF-8' encoding to copy filtered resources.
2015-05-18 10:50:02,938 [Worker-7] INFO  o.e.m.c.i.embedder.EclipseLogger - skip non existing resourceDirectory C:\javaworkspace\SeleniumExamples\SampleCodes\src\main\resources
2015-05-18 10:50:02,939 [Worker-7] INFO  o.e.m.c.i.embedder.EclipseLogger - Using 'UTF-8' encoding to copy filtered resources.
2015-05-18 10:50:02,942 [Worker-7] INFO  o.e.m.c.i.embedder.EclipseLogger - skip non existing resourceDirectory C:\javaworkspace\SeleniumExamples\SampleCodes\src\test\resources
2015-05-18 10:50:04,452 [Worker-10] INFO  o.e.m.c.i.embedder.EclipseLogger - Using 'UTF-8' encoding to copy filtered resources.
2015-05-18 10:50:04,456 [Worker-10] INFO  o.e.m.c.i.embedder.EclipseLogger - skip non existing resourceDirectory C:\javaworkspace\SeleniumExamples\SampleCodes\src\main\resources
2015-05-18 10:50:04,459 [Worker-10] INFO  o.e.m.c.i.embedder.EclipseLogger - Using 'UTF-8' encoding to copy filtered resources.
2015-05-18 10:50:04,463 [Worker-10] INFO  o.e.m.c.i.embedder.EclipseLogger - skip non existing resourceDirectory C:\javaworkspace\SeleniumExamples\SampleCodes\src\test\resources
2015-05-18 10:50:41,057 [Worker-7] INFO  o.e.m.c.i.l.LifecycleMappingFactory - Using org.eclipse.m2e.jdt.JarLifecycleMapping lifecycle mapping for MavenProject: SeleniumLearning:SampleCodes:0.0.1-SNAPSHOT @ C:\javaworkspace\SeleniumExamples\SampleCodes\pom.xml.
2015-05-18 10:50:41,434 [Worker-7] INFO  o.e.m.c.i.embedder.EclipseLogger - Using 'UTF-8' encoding to copy filtered resources.
2015-05-18 10:50:41,434 [Worker-7] INFO  o.e.m.c.i.embedder.EclipseLogger - skip non existing resourceDirectory C:\javaworkspace\SeleniumExamples\SampleCodes\src\main\resources
2015-05-18 10:50:41,438 [Worker-7] INFO  o.e.m.c.i.embedder.EclipseLogger - Using 'UTF-8' encoding to copy filtered resources.
2015-05-18 10:50:41,441 [Worker-7] INFO  o.e.m.c.i.embedder.EclipseLogger - skip non existing resourceDirectory C:\javaworkspace\SeleniumExamples\SampleCodes\src\test\resources
2015-05-18 10:50:42,931 [Worker-10] INFO  o.e.m.c.i.embedder.EclipseLogger - Using 'UTF-8' encoding to copy filtered resources.
2015-05-18 10:50:42,931 [Worker-10] INFO  o.e.m.c.i.embedder.EclipseLogger - skip non existing resourceDirectory C:\javaworkspace\SeleniumExamples\SampleCodes\src\main\resources
2015-05-18 10:50:42,935 [Worker-10] INFO  o.e.m.c.i.embedder.EclipseLogger - Using 'UTF-8' encoding to copy filtered resources.
2015-05-18 10:50:42,937 [Worker-10] INFO  o.e.m.c.i.embedder.EclipseLogger - skip non existing resourceDirectory C:\javaworkspace\SeleniumExamples\SampleCodes\src\test\resources
2015-05-18 10:50:44,023 [Worker-10] INFO  o.e.m.c.i.l.LifecycleMappingFactory - Using org.eclipse.m2e.jdt.JarLifecycleMapping lifecycle mapping for MavenProject: SeleniumLearning:SampleCodes:0.0.1-SNAPSHOT @ C:\javaworkspace\SeleniumExamples\SampleCodes\pom.xml.
2015-05-18 10:50:44,386 [Worker-10] INFO  o.e.m.c.i.embedder.EclipseLogger - Using 'UTF-8' encoding to copy filtered resources.
2015-05-18 10:50:44,389 [Worker-10] INFO  o.e.m.c.i.embedder.EclipseLogger - skip non existing resourceDirectory C:\javaworkspace\SeleniumExamples\SampleCodes\src\main\resources
2015-05-18 10:50:44,394 [Worker-10] INFO  o.e.m.c.i.embedder.EclipseLogger - Using 'UTF-8' encoding to copy filtered resources.
2015-05-18 10:50:44,398 [Worker-10] INFO  o.e.m.c.i.embedder.EclipseLogger - skip non existing resourceDirectory C:\javaworkspace\SeleniumExamples\SampleCodes\src\test\resources
2015-05-18 10:51:00,432 [Worker-7] INFO  o.e.m.c.i.l.LifecycleMappingFactory - Using org.eclipse.m2e.jdt.JarLifecycleMapping lifecycle mapping for MavenProject: SeleniumLearning:SampleCodes:0.0.1-SNAPSHOT @ C:\javaworkspace\SeleniumExamples\SampleCodes\pom.xml.
2015-05-18 10:51:00,811 [Worker-7] INFO  o.e.m.c.i.embedder.EclipseLogger - Using 'UTF-8' encoding to copy filtered resources.
2015-05-18 10:51:00,814 [Worker-7] INFO  o.e.m.c.i.embedder.EclipseLogger - skip non existing resourceDirectory C:\javaworkspace\SeleniumExamples\SampleCodes\src\main\resources
2015-05-18 10:51:00,818 [Worker-7] INFO  o.e.m.c.i.embedder.EclipseLogger - Using 'UTF-8' encoding to copy filtered resources.
2015-05-18 10:51:00,818 [Worker-7] INFO  o.e.m.c.i.embedder.EclipseLogger - skip non existing resourceDirectory C:\javaworkspace\SeleniumExamples\SampleCodes\src\test\resources
2015-05-18 10:51:02,040 [Worker-10] INFO  o.e.m.c.i.l.LifecycleMappingFactory - Using org.eclipse.m2e.jdt.JarLifecycleMapping lifecycle mapping for MavenProject: SeleniumLearning:SampleCodes:0.0.1-SNAPSHOT @ C:\javaworkspace\SeleniumExamples\SampleCodes\pom.xml.
2015-05-18 10:51:02,417 [Worker-10] INFO  o.e.m.c.i.embedder.EclipseLogger - Using 'UTF-8' encoding to copy filtered resources.
2015-05-18 10:51:02,417 [Worker-10] INFO  o.e.m.c.i.embedder.EclipseLogger - skip non existing resourceDirectory C:\javaworkspace\SeleniumExamples\SampleCodes\src\main\resources
2015-05-18 10:51:02,418 [Worker-10] INFO  o.e.m.c.i.embedder.EclipseLogger - Using 'UTF-8' encoding to copy filtered resources.
2015-05-18 10:51:02,420 [Worker-10] INFO  o.e.m.c.i.embedder.EclipseLogger - skip non existing resourceDirectory C:\javaworkspace\SeleniumExamples\SampleCodes\src\test\resources
2015-05-18 10:57:44,053 [Worker-10] INFO  o.e.m.c.i.embedder.EclipseLogger - Using 'UTF-8' encoding to copy filtered resources.
2015-05-18 10:57:44,056 [Worker-10] INFO  o.e.m.c.i.embedder.EclipseLogger - skip non existing resourceDirectory C:\javaworkspace\SeleniumExamples\SampleCodes\src\main\resources
2015-05-18 10:57:44,060 [Worker-10] INFO  o.e.m.c.i.embedder.EclipseLogger - Using 'UTF-8' encoding to copy filtered resources.
2015-05-18 10:57:44,063 [Worker-10] INFO  o.e.m.c.i.embedder.EclipseLogger - skip non existing resourceDirectory C:\javaworkspace\SeleniumExamples\SampleCodes\src\test\resources
2015-05-18 10:57:48,905 [Worker-12] INFO  o.e.m.c.i.embedder.EclipseLogger - Using 'UTF-8' encoding to copy filtered resources.
2015-05-18 10:57:48,906 [Worker-12] INFO  o.e.m.c.i.embedder.EclipseLogger - skip non existing resourceDirectory C:\javaworkspace\SeleniumExamples\SampleCodes\src\main\resources
2015-05-18 10:57:48,907 [Worker-12] INFO  o.e.m.c.i.embedder.EclipseLogger - Using 'UTF-8' encoding to copy filtered resources.
2015-05-18 10:57:48,910 [Worker-12] INFO  o.e.m.c.i.embedder.EclipseLogger - skip non existing resourceDirectory C:\javaworkspace\SeleniumExamples\SampleCodes\src\test\resources
2015-05-18 11:01:47,029 [Worker-10] INFO  o.e.m.c.i.embedder.EclipseLogger - Using 'UTF-8' encoding to copy filtered resources.
2015-05-18 11:01:47,033 [Worker-10] INFO  o.e.m.c.i.embedder.EclipseLogger - skip non existing resourceDirectory C:\javaworkspace\SeleniumExamples\SampleCodes\src\main\resources
2015-05-18 11:01:47,041 [Worker-10] INFO  o.e.m.c.i.embedder.EclipseLogger - Using 'UTF-8' encoding to copy filtered resources.
2015-05-18 11:01:47,045 [Worker-10] INFO  o.e.m.c.i.embedder.EclipseLogger - skip non existing resourceDirectory C:\javaworkspace\SeleniumExamples\SampleCodes\src\test\resources
2015-05-18 11:02:24,470 [Worker-16] INFO  o.e.m.c.i.embedder.EclipseLogger - Using 'UTF-8' encoding to copy filtered resources.
2015-05-18 11:02:24,470 [Worker-16] INFO  o.e.m.c.i.embedder.EclipseLogger - skip non existing resourceDirectory C:\javaworkspace\SeleniumExamples\SampleCodes\src\main\resources
2015-05-18 11:02:24,470 [Worker-16] INFO  o.e.m.c.i.embedder.EclipseLogger - Using 'UTF-8' encoding to copy filtered resources.
2015-05-18 11:02:24,473 [Worker-16] INFO  o.e.m.c.i.embedder.EclipseLogger - skip non existing resourceDirectory C:\javaworkspace\SeleniumExamples\SampleCodes\src\test\resources
2015-05-18 11:06:54,028 [Worker-16] INFO  o.e.m.c.i.embedder.EclipseLogger - Using 'UTF-8' encoding to copy filtered resources.
2015-05-18 11:06:54,031 [Worker-16] INFO  o.e.m.c.i.embedder.EclipseLogger - skip non existing resourceDirectory C:\javaworkspace\SeleniumExamples\SampleCodes\src\main\resources
2015-05-18 11:06:54,035 [Worker-16] INFO  o.e.m.c.i.embedder.EclipseLogger - Using 'UTF-8' encoding to copy filtered resources.
2015-05-18 11:06:54,038 [Worker-16] INFO  o.e.m.c.i.embedder.EclipseLogger - skip non existing resourceDirectory C:\javaworkspace\SeleniumExamples\SampleCodes\src\test\resources
2015-05-18 11:08:00,242 [Worker-7] INFO  o.e.m.c.i.embedder.EclipseLogger - Using 'UTF-8' encoding to copy filtered resources.
2015-05-18 11:08:00,242 [Worker-7] INFO  o.e.m.c.i.embedder.EclipseLogger - skip non existing resourceDirectory C:\javaworkspace\SeleniumExamples\SampleCodes\src\main\resources
2015-05-18 11:08:00,243 [Worker-7] INFO  o.e.m.c.i.embedder.EclipseLogger - Using 'UTF-8' encoding to copy filtered resources.
2015-05-18 11:08:00,245 [Worker-7] INFO  o.e.m.c.i.embedder.EclipseLogger - skip non existing resourceDirectory C:\javaworkspace\SeleniumExamples\SampleCodes\src\test\resources
2015-05-18 11:08:14,791 [Worker-16] INFO  o.e.m.c.i.embedder.EclipseLogger - Using 'UTF-8' encoding to copy filtered resources.
2015-05-18 11:08:14,794 [Worker-16] INFO  o.e.m.c.i.embedder.EclipseLogger - skip non existing resourceDirectory C:\javaworkspace\SeleniumExamples\SampleCodes\src\main\resources
2015-05-18 11:08:14,798 [Worker-16] INFO  o.e.m.c.i.embedder.EclipseLogger - Using 'UTF-8' encoding to copy filtered resources.
2015-05-18 11:08:14,802 [Worker-16] INFO  o.e.m.c.i.embedder.EclipseLogger - skip non existing resourceDirectory C:\javaworkspace\SeleniumExamples\SampleCodes\src\test\resources
2015-05-18 11:14:35,996 [Worker-21] INFO  o.e.m.c.i.embedder.EclipseLogger - Using 'UTF-8' encoding to copy filtered resources.
2015-05-18 11:14:35,996 [Worker-21] INFO  o.e.m.c.i.embedder.EclipseLogger - skip non existing resourceDirectory C:\javaworkspace\SeleniumExamples\SampleCodes\src\main\resources
2015-05-18 11:14:35,997 [Worker-21] INFO  o.e.m.c.i.embedder.EclipseLogger - Using 'UTF-8' encoding to copy filtered resources.
2015-05-18 11:14:36,000 [Worker-21] INFO  o.e.m.c.i.embedder.EclipseLogger - skip non existing resourceDirectory C:\javaworkspace\SeleniumExamples\SampleCodes\src\test\resources
2015-05-18 11:28:53,751 [Worker-19] INFO  o.e.m.c.i.embedder.EclipseLogger - Using 'UTF-8' encoding to copy filtered resources.
2015-05-18 11:28:53,754 [Worker-19] INFO  o.e.m.c.i.embedder.EclipseLogger - skip non existing resourceDirectory C:\javaworkspace\SeleniumExamples\SampleCodes\src\main\resources
2015-05-18 11:28:53,757 [Worker-19] INFO  o.e.m.c.i.embedder.EclipseLogger - Using 'UTF-8' encoding to copy filtered resources.
2015-05-18 11:28:53,759 [Worker-19] INFO  o.e.m.c.i.embedder.EclipseLogger - skip non existing resourceDirectory C:\javaworkspace\SeleniumExamples\SampleCodes\src\test\resources
2015-05-18 11:31:22,266 [Worker-23] INFO  o.e.m.c.i.embedder.EclipseLogger - Using 'UTF-8' encoding to copy filtered resources.
2015-05-18 11:31:22,266 [Worker-23] INFO  o.e.m.c.i.embedder.EclipseLogger - skip non existing resourceDirectory C:\javaworkspace\SeleniumExamples\SampleCodes\src\main\resources
2015-05-18 11:31:22,267 [Worker-23] INFO  o.e.m.c.i.embedder.EclipseLogger - Using 'UTF-8' encoding to copy filtered resources.
2015-05-18 11:31:22,269 [Worker-23] INFO  o.e.m.c.i.embedder.EclipseLogger - skip non existing resourceDirectory C:\javaworkspace\SeleniumExamples\SampleCodes\src\test\resources
2015-05-18 12:09:10,841 [Worker-19] INFO  o.e.m.c.i.embedder.EclipseLogger - Using 'UTF-8' encoding to copy filtered resources.
2015-05-18 12:09:10,843 [Worker-19] INFO  o.e.m.c.i.embedder.EclipseLogger - skip non existing resourceDirectory C:\javaworkspace\SeleniumExamples\SampleCodes\src\main\resources
2015-05-18 12:09:10,846 [Worker-19] INFO  o.e.m.c.i.embedder.EclipseLogger - Using 'UTF-8' encoding to copy filtered resources.
2015-05-18 12:09:10,849 [Worker-19] INFO  o.e.m.c.i.embedder.EclipseLogger - skip non existing resourceDirectory C:\javaworkspace\SeleniumExamples\SampleCodes\src\test\resources
2015-05-18 12:09:15,429 [Worker-29] INFO  o.e.m.c.i.embedder.EclipseLogger - Using 'UTF-8' encoding to copy filtered resources.
2015-05-18 12:09:15,429 [Worker-29] INFO  o.e.m.c.i.embedder.EclipseLogger - skip non existing resourceDirectory C:\javaworkspace\SeleniumExamples\SampleCodes\src\main\resources
2015-05-18 12:09:15,430 [Worker-29] INFO  o.e.m.c.i.embedder.EclipseLogger - Using 'UTF-8' encoding to copy filtered resources.
2015-05-18 12:09:15,432 [Worker-29] INFO  o.e.m.c.i.embedder.EclipseLogger - skip non existing resourceDirectory C:\javaworkspace\SeleniumExamples\SampleCodes\src\test\resources
2015-05-18 12:09:41,281 [Worker-19] INFO  o.e.m.c.i.embedder.EclipseLogger - Using 'UTF-8' encoding to copy filtered resources.
2015-05-18 12:09:41,284 [Worker-19] INFO  o.e.m.c.i.embedder.EclipseLogger - skip non existing resourceDirectory C:\javaworkspace\SeleniumExamples\SampleCodes\src\main\resources
2015-05-18 12:09:41,287 [Worker-19] INFO  o.e.m.c.i.embedder.EclipseLogger - Using 'UTF-8' encoding to copy filtered resources.
2015-05-18 12:09:41,290 [Worker-19] INFO  o.e.m.c.i.embedder.EclipseLogger - skip non existing resourceDirectory C:\javaworkspace\SeleniumExamples\SampleCodes\src\test\resources
2015-05-18 12:09:58,375 [Worker-32] INFO  o.e.m.c.i.embedder.EclipseLogger - Using 'UTF-8' encoding to copy filtered resources.
2015-05-18 12:09:58,375 [Worker-32] INFO  o.e.m.c.i.embedder.EclipseLogger - skip non existing resourceDirectory C:\javaworkspace\SeleniumExamples\SampleCodes\src\main\resources
2015-05-18 12:09:58,376 [Worker-32] INFO  o.e.m.c.i.embedder.EclipseLogger - Using 'UTF-8' encoding to copy filtered resources.
2015-05-18 12:09:58,378 [Worker-32] INFO  o.e.m.c.i.embedder.EclipseLogger - skip non existing resourceDirectory C:\javaworkspace\SeleniumExamples\SampleCodes\src\test\resources
2015-05-18 12:10:24,775 [Worker-33] INFO  o.e.m.c.i.embedder.EclipseLogger - Using 'UTF-8' encoding to copy filtered resources.
2015-05-18 12:10:24,778 [Worker-33] INFO  o.e.m.c.i.embedder.EclipseLogger - skip non existing resourceDirectory C:\javaworkspace\SeleniumExamples\SampleCodes\src\main\resources
2015-05-18 12:10:24,782 [Worker-33] INFO  o.e.m.c.i.embedder.EclipseLogger - Using 'UTF-8' encoding to copy filtered resources.
2015-05-18 12:10:24,786 [Worker-33] INFO  o.e.m.c.i.embedder.EclipseLogger - skip non existing resourceDirectory C:\javaworkspace\SeleniumExamples\SampleCodes\src\test\resources
2015-05-18 12:11:44,632 [Worker-32] INFO  o.e.m.c.i.embedder.EclipseLogger - Using 'UTF-8' encoding to copy filtered resources.
2015-05-18 12:11:44,632 [Worker-32] INFO  o.e.m.c.i.embedder.EclipseLogger - skip non existing resourceDirectory C:\javaworkspace\SeleniumExamples\SampleCodes\src\main\resources
2015-05-18 12:11:44,632 [Worker-32] INFO  o.e.m.c.i.embedder.EclipseLogger - Using 'UTF-8' encoding to copy filtered resources.
2015-05-18 12:11:44,635 [Worker-32] INFO  o.e.m.c.i.embedder.EclipseLogger - skip non existing resourceDirectory C:\javaworkspace\SeleniumExamples\SampleCodes\src\test\resources
2015-05-18 12:12:19,883 [Worker-29] INFO  o.e.m.c.i.embedder.EclipseLogger - Using 'UTF-8' encoding to copy filtered resources.
2015-05-18 12:12:19,886 [Worker-29] INFO  o.e.m.c.i.embedder.EclipseLogger - skip non existing resourceDirectory C:\javaworkspace\SeleniumExamples\SampleCodes\src\main\resources
2015-05-18 12:12:19,889 [Worker-29] INFO  o.e.m.c.i.embedder.EclipseLogger - Using 'UTF-8' encoding to copy filtered resources.
2015-05-18 12:12:19,892 [Worker-29] INFO  o.e.m.c.i.embedder.EclipseLogger - skip non existing resourceDirectory C:\javaworkspace\SeleniumExamples\SampleCodes\src\test\resources
2015-05-18 19:43:45,829 [Worker-83] INFO  o.e.m.c.i.embedder.EclipseLogger - Using 'UTF-8' encoding to copy filtered resources.
2015-05-18 19:43:45,830 [Worker-83] INFO  o.e.m.c.i.embedder.EclipseLogger - skip non existing resourceDirectory C:\javaworkspace\SeleniumExamples\SampleCodes\src\main\resources
2015-05-18 19:43:45,830 [Worker-83] INFO  o.e.m.c.i.embedder.EclipseLogger - Using 'UTF-8' encoding to copy filtered resources.
2015-05-18 19:43:45,833 [Worker-83] INFO  o.e.m.c.i.embedder.EclipseLogger - skip non existing resourceDirectory C:\javaworkspace\SeleniumExamples\SampleCodes\src\test\resources
